[INFO] Scanning for projects...
[INFO] 
[INFO] ---------------------< com.example:warehouse-api >----------------------
[INFO] Building warehouse-api 0.0.1-SNAPSHOT
[INFO]   from pom.xml
[INFO] --------------------------------[ jar ]---------------------------------
[INFO] 
[INFO] --- clean:3.4.1:clean (default-clean) @ warehouse-api ---
[INFO] Deleting C:\Proj\Warehouse\target
[INFO] 
[INFO] --- resources:3.3.1:resources (default-resources) @ warehouse-api ---
[INFO] Copying 1 resource from src\main\resources to target\classes
[INFO] Copying 0 resource from src\main\resources to target\classes
[INFO] 
[INFO] --- compiler:3.13.0:compile (default-compile) @ warehouse-api ---
[INFO] Recompiling the module because of changed source code.
[INFO] Compiling 54 source files with javac [debug parameters release 17] to target\classes
[INFO] -------------------------------------------------------------
[ERROR] COMPILATION ERROR : 
[INFO] -------------------------------------------------------------
[ERROR] /C:/Proj/Warehouse/src/main/java/com/example/warehouse/service/impl/WareHouseServiceImpl.java:[21,6] cannot find symbol
  symbol:   class Autowired
  location: class com.example.warehouse.service.impl.WareHouseServiceImpl
[ERROR] /C:/Proj/Warehouse/src/main/java/com/example/warehouse/service/impl/WareHouseServiceImpl.java:[23,6] cannot find symbol
  symbol:   class Autowired
  location: class com.example.warehouse.service.impl.WareHouseServiceImpl
[ERROR] /C:/Proj/Warehouse/src/main/java/com/example/warehouse/service/impl/WareHouseServiceImpl.java:[26,6] cannot find symbol
  symbol:   class Autowired
  location: class com.example.warehouse.service.impl.WareHouseServiceImpl
[INFO] 3 errors 
[INFO] -------------------------------------------------------------
[INFO] ------------------------------------------------------------------------
[INFO] BUILD FAILURE
[INFO] ------------------------------------------------------------------------
[INFO] Total time:  11.912 s
[INFO] Finished at: 2026-02-03T09:33:59+05:30
[INFO] ------------------------------------------------------------------------
[ERROR] Failed to execute goal org.apache.maven.plugins:maven-compiler-plugin:3.13.0:compile (default-compile) on project warehouse-api: Compilation failure: Compilation failure: 
[ERROR] /C:/Proj/Warehouse/src/main/java/com/example/warehouse/service/impl/WareHouseServiceImpl.java:[21,6] cannot find symbol
[ERROR]   symbol:   class Autowired
[ERROR]   location: class com.example.warehouse.service.impl.WareHouseServiceImpl
[ERROR] /C:/Proj/Warehouse/src/main/java/com/example/warehouse/service/impl/WareHouseServiceImpl.java:[23,6] cannot find symbol
[ERROR]   symbol:   class Autowired
[ERROR]   location: class com.example.warehouse.service.impl.WareHouseServiceImpl
[ERROR] /C:/Proj/Warehouse/src/main/java/com/example/warehouse/service/impl/WareHouseServiceImpl.java:[26,6] cannot find symbol
[ERROR]   symbol:   class Autowired
[ERROR]   location: class com.example.warehouse.service.impl.WareHouseServiceImpl
[ERROR] -> [Help 1]
[ERROR] 
[ERROR] To see the full stack trace of the errors, re-run Maven with the -e switch.
[ERROR] Re-run Maven using the -X switch to enable full debug logging.
[ERROR] 
[ERROR] For more information about the errors and possible solutions, please read the following articles:
[ERROR] [Help 1] http://cwiki.apache.org/confluence/display/MAVEN/MojoFailureException
